<test-run id="2" duration="8.912502" testcasecount="4" total="4" passed="2" failed="0" inconclusive="0" skipped="2" result="Passed" start-time="2022-09-14T 09:09:15Z" end-time="2022-09-14T 09:09:25Z">
  <test-suite type="Assembly" name="NFocusSpecflow.dll" fullname="C:\Users\RobertCardoso\source\repos\NFocusSpecflow\NFocusSpecflow\bin\Debug\net6.0\NFocusSpecflow.dll" total="4" passed="2" failed="0" inconclusive="0" skipped="2" result="Passed" start-time="2022-09-14T 09:09:16Z" end-time="2022-09-14T 09:09:25Z" duration="8.912502">
    <test-suite type="TestSuite" name="NFocusSpecflow" fullname="NFocusSpecflow" total="4" passed="2" failed="0" inconclusive="0" skipped="2" result="Passed" start-time="2022-09-14T 09:09:16Z" end-time="2022-09-14T 09:09:25Z" duration="8.912502">
      <test-suite type="TestSuite" name="Features" fullname="NFocusSpecflow.Features" total="4" passed="2" failed="0" inconclusive="0" skipped="2" result="Passed" start-time="2022-09-14T 09:09:16Z" end-time="2022-09-14T 09:09:25Z" duration="8.912502">
        <test-suite type="TestFixture" name="GoogleFeature" fullname="NFocusSpecflow.Features.GoogleFeature" classname="NFocusSpecflow.Features.GoogleFeature" total="4" passed="2" failed="0" inconclusive="0" skipped="2" result="Passed" start-time="2022-09-14T 09:09:16Z" end-time="2022-09-14T 09:09:25Z" duration="8.912502">
          <test-case name="CheckingMultipleResults" fullname="NFocusSpecflow.Features.GoogleFeature.CheckingMultipleResults" methodname="CheckingMultipleResults" classname="GoogleFeature" result="Passed" start-time="2022-09-14T 09:09:16Z" end-time="2022-09-14T 09:09:20Z" duration="4.078664" asserts="0" seed="421428716">
            <properties>
              <property name="Category" value="Smoke" />
            </properties>
            <output><![CDATA[Given I am on the Google Homepage
-> done: GoogleStepDefinitions.GivenIAmOnTheGoogleHomepage() (0.9s)
When I search for 'Edgewords'
-> done: GoogleStepDefinitions.WhenISearchForEdgewords("Edgewords") (2.0s)
Then I see in the results
  --- table step argument ---
  | url                                 | title                                                    |
  | https://www.edgewordstraining.co.uk | Edgewords Training - Automated Software Testing Training |
  | https://twitter.com › edgewords     | Edgewords - Twitter                                      |
-> done: GoogleStepDefinitions.ThenISeeInTheResults(<table>) (0.1s)

]]></output>
          </test-case>
          <test-case name="SearchGoogleForEdgewords" fullname="NFocusSpecflow.Features.GoogleFeature.SearchGoogleForEdgewords" methodname="SearchGoogleForEdgewords" classname="GoogleFeature" result="Passed" start-time="2022-09-14T 09:09:20Z" end-time="2022-09-14T 09:09:25Z" duration="4.826355" asserts="0" seed="1132078034">
            <properties>
              <property name="Category" value="Smoke" />
              <property name="Category" value="Regression" />
            </properties>
            <output><![CDATA[Given I am on the Google Homepage
-> done: GoogleStepDefinitions.GivenIAmOnTheGoogleHomepage() (0.8s)
When I search for 'Edgewords'
-> done: GoogleStepDefinitions.WhenISearchForEdgewords("Edgewords") (2.0s)
Then 'Edgewords' is the top result
-> done: GoogleStepDefinitions.ThenEdgewordsIsTheTopResult("Edgewords") (1.0s)

]]></output>
          </test-case>
          <test-case name="SearchGoogleForMultipleThings(&quot;Edgewords&quot;,&quot;Automated Software Testing&quot;,null)" fullname="NFocusSpecflow.Features.GoogleFeature.SearchGoogleForMultipleThings(&quot;Edgewords&quot;,&quot;Automated Software Testing&quot;,null)" methodname="SearchGoogleForMultipleThings(&quot;Edgewords&quot;,&quot;Automated Software Testing&quot;,null)" classname="GoogleFeature" result="Skipped" start-time="2022-09-14T 09:09:25Z" end-time="2022-09-14T 09:09:25Z" duration="0.003733" asserts="0" seed="691214235">
            <properties>
              <property name="Category" value="Smoke" />
            </properties>
            <output><![CDATA[OneTimeSetUp: Ignored scenario
]]></output>
          </test-case>
          <test-case name="SearchGoogleForMultipleThings(&quot;BBC&quot;,&quot;The best of the BBC&quot;,null)" fullname="NFocusSpecflow.Features.GoogleFeature.SearchGoogleForMultipleThings(&quot;BBC&quot;,&quot;The best of the BBC&quot;,null)" methodname="SearchGoogleForMultipleThings(&quot;BBC&quot;,&quot;The best of the BBC&quot;,null)" classname="GoogleFeature" result="Skipped" start-time="2022-09-14T 09:09:25Z" end-time="2022-09-14T 09:09:25Z" duration="0.00375" asserts="0" seed="1674590722">
            <properties>
              <property name="Category" value="Smoke" />
            </properties>
            <output><![CDATA[OneTimeSetUp: Ignored scenario
]]></output>
          </test-case>
        </test-suite>
      </test-suite>
    </test-suite>
    <errors />
  </test-suite>
</test-run>